# JRE version: OpenJDK Runtime Environment Temurin-21.0.5+11 (21.0.5+11) (build 21.0.5+11-LTS)
# Java VM: OpenJDK 64-Bit Server VM Temurin-21.0.5+11 (21.0.5+11-LTS, mixed mode, sharing, tiered, compressed oops, compressed class ptrs, g1 gc, windows-amd64)
GC Precious Log:
 CardTable entry size: 512
 Card Set container configuration: InlinePtr #cards 5 size 8 Array Of Cards #cards 12 size 40 Howl #buckets 4 coarsen threshold 1843 Howl Bitmap #cards 512 size 80 coarsen threshold 460 Card regions per heap region 1 cards per card region 2048
 CPUs: 8 total, 8 available
 Memory: 7886M
 Large Page Support: Disabled
 NUMA Support: Disabled
 Compressed Oops: Enabled (32-bit)
 Heap Region Size: 1M
 Heap Min Capacity: 8M
 Heap Initial Capacity: 124M
 Heap Max Capacity: 1972M
 Pre-touch: Disabled
 Parallel Workers: 8
 Concurrent Workers: 2
 Concurrent Refinement Workers: 8
 Periodic GC: Disabled
Heap:
 garbage-first heap   total 249856K, used 171008K [0x0000000084c00000, 0x0000000100000000)
  region size 1024K, 14 young (14336K), 6 survivors (6144K)
 Metaspace       used 26011K, committed 26432K, reserved 1114112K
  class space    used 3449K, committed 3648K, reserved 1048576K
GC Heap History (18 events):
Event: 2.794 GC heap before
{Heap before GC invocations=0 (full 0):
 garbage-first heap   total 126976K, used 22528K [0x0000000084c00000, 0x0000000100000000)
  region size 1024K, 23 young (23552K), 0 survivors (0K)
 Metaspace       used 4955K, committed 5120K, reserved 1114112K
  class space    used 584K, committed 640K, reserved 1048576K
}
Event: 2.797 GC heap after
{Heap after GC invocations=1 (full 0):
 garbage-first heap   total 126976K, used 3093K [0x0000000084c00000, 0x0000000100000000)
  region size 1024K, 3 young (3072K), 3 survivors (3072K)
 Metaspace       used 4955K, committed 5120K, reserved 1114112K
  class space    used 584K, committed 640K, reserved 1048576K
}
Event: 3.388 GC heap before
{Heap before GC invocations=1 (full 0):
 garbage-first heap   total 126976K, used 58389K [0x0000000084c00000, 0x0000000100000000)
  region size 1024K, 37 young (37888K), 3 survivors (3072K)
 Metaspace       used 10803K, committed 11200K, reserved 1114112K
  class space    used 1496K, committed 1664K, reserved 1048576K
}
Event: 3.393 GC heap after
{Heap after GC invocations=2 (full 0):
 garbage-first heap   total 126976K, used 29240K [0x0000000084c00000, 0x0000000100000000)
  region size 1024K, 5 young (5120K), 5 survivors (5120K)
 Metaspace       used 10803K, committed 11200K, reserved 1114112K
  class space    used 1496K, committed 1664K, reserved 1048576K
}
Event: 7.921 GC heap before
{Heap before GC invocations=2 (full 0):
 garbage-first heap   total 126976K, used 76344K [0x0000000084c00000, 0x0000000100000000)
  region size 1024K, 51 young (52224K), 5 survivors (5120K)
 Metaspace       used 21158K, committed 21504K, reserved 1114112K
  class space    used 3089K, committed 3264K, reserved 1048576K
}
Event: 7.926 GC heap after
{Heap after GC invocations=3 (full 0):
 garbage-first heap   total 126976K, used 35792K [0x0000000084c00000, 0x0000000100000000)
  region size 1024K, 5 young (5120K), 5 survivors (5120K)
 Metaspace       used 21158K, committed 21504K, reserved 1114112K
  class space    used 3089K, committed 3264K, reserved 1048576K
}
Event: 27.423 GC heap before
{Heap before GC invocations=4 (full 0):
 garbage-first heap   total 148480K, used 146384K [0x0000000084c00000, 0x0000000100000000)
  region size 1024K, 52 young (53248K), 5 survivors (5120K)
 Metaspace       used 24605K, committed 25024K, reserved 1114112K
  class space    used 3410K, committed 3584K, reserved 1048576K
}
Event: 27.433 GC heap after
{Heap after GC invocations=5 (full 0):
 garbage-first heap   total 164864K, used 94847K [0x0000000084c00000, 0x0000000100000000)
  region size 1024K, 10 young (10240K), 10 survivors (10240K)
 Metaspace       used 24605K, committed 25024K, reserved 1114112K
  class space    used 3410K, committed 3584K, reserved 1048576K
}
Event: 34.546 GC heap before
{Heap before GC invocations=5 (full 0):
 garbage-first heap   total 164864K, used 163455K [0x0000000084c00000, 0x0000000100000000)
  region size 1024K, 44 young (45056K), 10 survivors (10240K)
 Metaspace       used 25063K, committed 25472K, reserved 1114112K
  class space    used 3414K, committed 3584K, reserved 1048576K
}
Event: 34.556 GC heap after
{Heap after GC invocations=6 (full 0):
 garbage-first heap   total 182272K, used 105904K [0x0000000084c00000, 0x0000000100000000)
  region size 1024K, 6 young (6144K), 6 survivors (6144K)
 Metaspace       used 25063K, committed 25472K, reserved 1114112K
  class space    used 3414K, committed 3584K, reserved 1048576K
}
Event: 52.155 GC heap before
{Heap before GC invocations=6 (full 0):
 garbage-first heap   total 182272K, used 122288K [0x0000000084c00000, 0x0000000100000000)
  region size 1024K, 23 young (23552K), 6 survivors (6144K)
 Metaspace       used 25278K, committed 25664K, reserved 1114112K
  class space    used 3426K, committed 3584K, reserved 1048576K
}
Event: 52.160 GC heap after
{Heap after GC invocations=7 (full 0):
 garbage-first heap   total 182272K, used 112188K [0x0000000084c00000, 0x0000000100000000)
  region size 1024K, 6 young (6144K), 6 survivors (6144K)
 Metaspace       used 25278K, committed 25664K, reserved 1114112K
  class space    used 3426K, committed 3584K, reserved 1048576K
}
Event: 58.111 GC heap before
{Heap before GC invocations=8 (full 0):
 garbage-first heap   total 196608K, used 196156K [0x0000000084c00000, 0x0000000100000000)
  region size 1024K, 46 young (47104K), 6 survivors (6144K)
 Metaspace       used 25569K, committed 25984K, reserved 1114112K
  class space    used 3427K, committed 3584K, reserved 1048576K
}
Event: 58.118 GC heap after
{Heap after GC invocations=9 (full 0):
 garbage-first heap   total 209920K, used 132298K [0x0000000084c00000, 0x0000000100000000)
  region size 1024K, 6 young (6144K), 6 survivors (6144K)
 Metaspace       used 25569K, committed 25984K, reserved 1114112K
  class space    used 3427K, committed 3584K, reserved 1048576K
}
Event: 66.847 GC heap before
{Heap before GC invocations=9 (full 0):
 garbage-first heap   total 232448K, used 231626K [0x0000000084c00000, 0x0000000100000000)
  region size 1024K, 45 young (46080K), 6 survivors (6144K)
 Metaspace       used 25859K, committed 26240K, reserved 1114112K
  class space    used 3432K, committed 3584K, reserved 1048576K
}
Event: 66.857 GC heap after
{Heap after GC invocations=10 (full 0):
 garbage-first heap   total 249856K, used 183695K [0x0000000084c00000, 0x0000000100000000)
  region size 1024K, 7 young (7168K), 7 survivors (7168K)
 Metaspace       used 25859K, committed 26240K, reserved 1114112K
  class space    used 3432K, committed 3584K, reserved 1048576K
}
Event: 67.782 GC heap before
{Heap before GC invocations=10 (full 0):
 garbage-first heap   total 249856K, used 200079K [0x0000000084c00000, 0x0000000100000000)
  region size 1024K, 24 young (24576K), 7 survivors (7168K)
 Metaspace       used 25921K, committed 26368K, reserved 1114112K
  class space    used 3440K, committed 3648K, reserved 1048576K
}
Event: 67.788 GC heap after
{Heap after GC invocations=11 (full 0):
 garbage-first heap   total 249856K, used 190464K [0x0000000084c00000, 0x0000000100000000)
  region size 1024K, 6 young (6144K), 6 survivors (6144K)
 Metaspace       used 25921K, committed 26368K, reserved 1114112K
  class space    used 3440K, committed 3648K, reserved 1048576K
}

